TN:
SF:services/repositories/base.ts
FN:10,BaseRepository
FN:12,query
FN:16,queryOne
FN:22,execute
FN:26,insert
FN:40,update
FN:61,delete
FN:67,exists
FNF:8
FNH:7
FNDA:26,BaseRepository
FNDA:12,query
FNDA:18,queryOne
FNDA:0,execute
FNDA:2,insert
FNDA:3,update
FNDA:2,delete
FNDA:2,exists
DA:9,1
DA:10,1
DA:12,1
DA:13,12
DA:14,12
DA:16,1
DA:17,18
DA:18,18
DA:19,18
DA:20,18
DA:22,1
DA:23,0
DA:24,0
DA:26,1
DA:27,2
DA:28,2
DA:29,2
DA:31,2
DA:32,2
DA:33,2
DA:37,2
DA:38,2
DA:40,1
DA:41,3
DA:42,3
DA:43,3
DA:44,3
DA:45,3
DA:46,3
DA:47,3
DA:48,3
DA:49,3
DA:51,3
DA:52,3
DA:53,3
DA:54,3
DA:58,3
DA:59,3
DA:61,1
DA:62,2
DA:63,2
DA:64,2
DA:65,2
DA:67,1
DA:68,2
DA:69,2
DA:70,2
DA:71,2
DA:72,1
LF:49
LH:47
BRDA:10,0,0,26
BRDA:12,1,0,12
BRDA:13,2,0,12
BRDA:16,3,0,18
BRDA:19,4,0,18
BRDA:19,5,0,3
BRDA:26,6,0,2
BRDA:29,7,0,7
BRDA:40,8,0,3
BRDA:48,9,0,5
BRDA:61,10,0,2
BRDA:64,11,0,1
BRDA:67,12,0,2
BRDA:70,13,0,1
BRF:14
BRH:14
end_of_record
TN:
SF:services/repositories/sessions.repository.ts
FN:51,SessionsRepository
FN:55,findAll
FN:114,findById
FN:119,create
FN:123,update
FN:127,delete
FN:131,exists
FN:136,endInactiveSessions
FN:152,getWithMessageCount
FN:167,cleanupOldSessions
FNF:10
FNH:10
FNDA:26,SessionsRepository
FNDA:6,findAll
FNDA:2,findById
FNDA:2,create
FNDA:3,update
FNDA:2,delete
FNDA:2,exists
FNDA:3,endInactiveSessions
FNDA:3,getWithMessageCount
FNDA:3,cleanupOldSessions
DA:1,1
DA:50,1
DA:51,1
DA:52,26
DA:53,26
DA:55,1
DA:56,6
DA:57,6
DA:59,6
DA:60,6
DA:61,6
DA:63,6
DA:64,1
DA:65,1
DA:66,1
DA:68,6
DA:69,1
DA:70,1
DA:71,1
DA:73,6
DA:74,1
DA:75,1
DA:76,1
DA:78,6
DA:79,1
DA:80,1
DA:81,1
DA:83,6
DA:84,1
DA:85,1
DA:86,1
DA:88,6
DA:90,6
DA:93,6
DA:96,6
DA:97,6
DA:99,6
DA:102,6
DA:104,6
DA:107,6
DA:109,6
DA:111,6
DA:112,6
DA:114,1
DA:115,2
DA:116,2
DA:117,2
DA:119,1
DA:120,2
DA:121,2
DA:123,1
DA:124,3
DA:125,3
DA:127,1
DA:128,2
DA:129,2
DA:131,1
DA:132,2
DA:133,2
DA:136,1
DA:137,3
DA:143,3
DA:147,3
DA:148,3
DA:149,3
DA:152,1
DA:153,3
DA:163,3
DA:164,3
DA:167,1
DA:168,3
DA:170,3
DA:174,3
DA:175,3
DA:176,3
DA:177,1
LF:76
LH:76
BRDA:51,0,0,26
BRDA:55,1,0,6
BRDA:63,2,0,1
BRDA:68,3,0,1
BRDA:73,4,0,1
BRDA:78,5,0,1
BRDA:83,6,0,1
BRDA:97,7,0,0
BRDA:114,8,0,2
BRDA:119,9,0,2
BRDA:123,10,0,3
BRDA:127,11,0,2
BRDA:131,12,0,2
BRDA:136,13,0,3
BRDA:152,14,0,3
BRDA:167,15,0,3
BRF:16
BRH:15
end_of_record
TN:
SF:src/handlers/error.ts
FN:9,errorHandler
FNF:1
FNH:1
FNDA:15,errorHandler
DA:9,15
DA:10,15
DA:11,15
DA:12,15
DA:13,15
DA:15,15
DA:18,15
DA:19,2
DA:20,2
DA:21,2
DA:22,2
DA:23,2
DA:24,2
DA:27,15
DA:28,8
DA:29,8
DA:30,8
DA:31,8
DA:32,8
DA:33,8
DA:34,8
DA:35,8
DA:36,8
DA:38,8
DA:40,8
DA:41,8
DA:42,8
DA:43,8
DA:44,8
DA:47,5
DA:48,5
DA:49,5
DA:50,15
DA:51,1
DA:52,1
DA:53,15
DA:54,15
LF:37
LH:37
BRDA:9,0,0,15
BRDA:18,1,0,2
BRDA:24,2,0,13
BRDA:27,3,0,8
BRDA:38,4,0,0
BRDA:44,5,0,5
BRDA:50,6,0,1
BRF:7
BRH:6
end_of_record
TN:
SF:src/hooks/auth.ts
FN:7,authHook
FNF:1
FNH:1
FNDA:23,authHook
DA:7,23
DA:9,23
DA:11,23
DA:12,6
DA:13,6
DA:15,17
DA:16,17
DA:17,23
DA:18,2
DA:19,2
DA:20,23
LF:11
LH:11
BRDA:7,0,0,23
BRDA:11,1,0,6
BRDA:13,2,0,17
BRDA:16,3,0,15
BRDA:17,4,0,2
BRDA:11,5,0,43
BRDA:11,6,0,41
BRF:7
BRH:7
end_of_record
TN:
SF:src/routes/ai.ts
FN:25,aiRoutes
FNF:1
FNH:1
FNDA:13,aiRoutes
DA:1,1
DA:14,1
DA:15,1
DA:16,1
DA:17,1
DA:18,1
DA:20,1
DA:21,1
DA:22,1
DA:23,1
DA:25,13
DA:27,13
DA:28,6
DA:35,6
DA:36,6
DA:37,6
DA:38,6
DA:39,6
DA:40,6
DA:41,6
DA:42,6
DA:43,6
DA:44,13
DA:47,13
DA:48,4
DA:58,4
DA:59,4
DA:60,4
DA:61,4
DA:62,4
DA:63,13
DA:66,13
DA:67,3
DA:68,3
DA:69,3
DA:70,3
DA:71,3
DA:72,3
DA:73,3
DA:74,3
DA:75,3
DA:76,3
DA:77,3
DA:78,3
DA:79,3
DA:80,3
DA:81,3
DA:82,3
DA:83,3
DA:84,3
DA:85,3
DA:86,13
DA:87,13
LF:53
LH:53
BRDA:25,0,0,13
BRDA:27,1,0,6
BRDA:47,2,0,4
BRDA:66,3,0,3
BRF:4
BRH:4
end_of_record
TN:
SF:src/routes/calls.ts
FN:21,callsRoutes
FNF:1
FNH:1
FNDA:14,callsRoutes
DA:1,1
DA:15,1
DA:16,1
DA:17,1
DA:18,1
DA:19,1
DA:21,14
DA:23,14
DA:24,4
DA:31,4
DA:32,4
DA:33,4
DA:34,4
DA:35,4
DA:36,14
DA:39,14
DA:40,6
DA:43,6
DA:44,6
DA:45,6
DA:46,6
DA:47,6
DA:48,6
DA:49,6
DA:51,6
DA:52,14
DA:55,14
DA:56,2
DA:58,2
DA:59,2
DA:60,2
DA:61,2
DA:62,14
DA:65,14
DA:66,2
DA:68,2
DA:69,2
DA:70,2
DA:71,2
DA:72,14
DA:73,14
LF:41
LH:41
BRDA:21,0,0,14
BRDA:23,1,0,4
BRDA:39,2,0,6
BRDA:55,3,0,2
BRDA:65,4,0,2
BRF:5
BRH:5
end_of_record
TN:
SF:src/routes/clawdtalk.ts
FN:69,clawdTalkRoutes
FN:212,processAIResponse
FNF:2
FNH:1
FNDA:5,clawdTalkRoutes
FNDA:0,processAIResponse
DA:1,1
DA:32,1
DA:33,1
DA:34,1
DA:35,1
DA:36,1
DA:37,1
DA:38,1
DA:39,1
DA:51,1
DA:57,1
DA:60,1
DA:61,0
DA:62,0
DA:63,0
DA:64,0
DA:65,0
DA:66,0
DA:67,1
DA:69,5
DA:71,5
DA:72,2
DA:73,2
DA:74,2
DA:75,2
DA:76,2
DA:77,2
DA:78,5
DA:81,5
DA:82,6
DA:83,0
DA:86,0
DA:87,0
DA:88,0
DA:89,0
DA:91,0
DA:92,0
DA:93,0
DA:94,0
DA:96,0
DA:99,0
DA:100,0
DA:101,0
DA:102,0
DA:105,0
DA:106,0
DA:108,0
DA:110,0
DA:111,0
DA:112,0
DA:113,0
DA:114,0
DA:117,0
DA:118,0
DA:119,0
DA:120,0
DA:121,0
DA:122,0
DA:123,0
DA:124,0
DA:125,0
DA:127,0
DA:129,0
DA:130,0
DA:131,0
DA:132,0
DA:134,0
DA:135,0
DA:136,0
DA:137,0
DA:138,0
DA:141,0
DA:142,0
DA:143,0
DA:144,0
DA:147,0
DA:150,0
DA:151,0
DA:152,0
DA:153,0
DA:156,0
DA:157,0
DA:158,0
DA:159,0
DA:160,0
DA:161,0
DA:162,0
DA:163,0
DA:164,0
DA:166,0
DA:167,0
DA:169,0
DA:170,0
DA:171,0
DA:172,0
DA:174,0
DA:175,0
DA:176,0
DA:177,0
DA:178,0
DA:179,0
DA:180,0
DA:181,0
DA:182,0
DA:183,0
DA:184,0
DA:185,0
DA:186,0
DA:188,0
DA:189,0
DA:190,0
DA:191,0
DA:192,0
DA:193,0
DA:194,0
DA:195,0
DA:197,0
DA:198,0
DA:199,0
DA:201,0
DA:202,0
DA:203,0
DA:204,6
DA:205,5
DA:206,5
DA:212,0
DA:213,0
DA:214,0
DA:218,0
DA:219,0
DA:220,0
DA:221,0
DA:223,0
DA:226,0
DA:227,0
DA:228,0
DA:230,0
DA:231,0
DA:232,0
DA:234,0
DA:235,0
DA:236,0
DA:238,0
DA:239,0
DA:240,0
DA:242,0
DA:243,0
DA:244,0
DA:247,0
DA:248,0
LF:150
LH:27
BRDA:69,0,0,5
BRDA:71,1,0,2
BRDA:81,2,0,6
BRF:3
BRH:3
end_of_record
TN:
SF:src/routes/health.ts
FN:11,healthRoutes
FN:56,checkDatabase
FN:65,checkRedis
FNF:3
FNH:3
FNDA:9,healthRoutes
FNDA:5,checkDatabase
FNDA:5,checkRedis
DA:11,9
DA:13,9
DA:14,2
DA:15,2
DA:16,2
DA:17,2
DA:18,2
DA:19,2
DA:20,2
DA:21,9
DA:24,9
DA:25,3
DA:26,3
DA:27,3
DA:28,3
DA:30,3
DA:32,3
DA:33,3
DA:34,3
DA:35,3
DA:36,9
DA:39,9
DA:40,4
DA:42,4
DA:43,4
DA:44,4
DA:45,4
DA:46,4
DA:47,4
DA:48,4
DA:49,4
DA:50,4
DA:52,4
DA:53,9
DA:54,9
DA:56,5
DA:57,5
DA:59,5
DA:60,5
DA:61,0
DA:62,0
DA:63,5
DA:65,5
DA:66,5
DA:68,5
DA:69,5
DA:70,0
DA:71,0
DA:72,5
LF:49
LH:45
BRDA:11,0,0,9
BRDA:13,1,0,2
BRDA:24,2,0,3
BRDA:32,3,0,0
BRDA:33,4,0,0
BRDA:30,5,0,6
BRDA:39,6,0,4
BRDA:56,7,0,5
BRDA:60,8,0,0
BRDA:65,9,0,5
BRDA:69,10,0,0
BRF:11
BRH:7
end_of_record
TN:
SF:src/routes/sessions.ts
FN:22,sessionsRoutes
FNF:1
FNH:1
FNDA:17,sessionsRoutes
DA:1,1
DA:16,1
DA:17,1
DA:18,1
DA:19,1
DA:20,1
DA:22,17
DA:24,17
DA:25,4
DA:27,4
DA:28,4
DA:29,4
DA:30,4
DA:31,17
DA:34,17
DA:35,8
DA:37,8
DA:38,8
DA:39,8
DA:40,8
DA:41,8
DA:42,8
DA:43,8
DA:44,8
DA:46,8
DA:47,17
DA:50,17
DA:51,2
DA:53,2
DA:54,2
DA:55,2
DA:56,2
DA:57,17
DA:60,17
DA:61,2
DA:62,2
DA:64,2
DA:65,2
DA:66,2
DA:67,2
DA:68,17
DA:71,17
DA:72,1
DA:74,1
DA:75,17
DA:76,17
LF:46
LH:46
BRDA:22,0,0,17
BRDA:24,1,0,4
BRDA:34,2,0,8
BRDA:50,3,0,2
BRDA:60,4,0,2
BRDA:71,5,0,1
BRF:6
BRH:6
end_of_record
TN:
SF:src/routes/voice.ts
FN:20,voiceRoutes
FNF:1
FNH:1
FNDA:14,voiceRoutes
DA:1,1
DA:13,1
DA:14,1
DA:15,1
DA:16,1
DA:17,1
DA:18,1
DA:20,14
DA:22,14
DA:23,9
DA:30,9
DA:31,9
DA:32,9
DA:33,9
DA:34,9
DA:35,9
DA:36,9
DA:37,14
DA:40,14
DA:41,14
DA:42,3
DA:44,3
DA:46,2
DA:47,2
DA:48,2
DA:49,2
DA:50,3
DA:51,14
DA:52,14
DA:53,14
LF:30
LH:30
BRDA:20,0,0,14
BRDA:22,1,0,9
BRDA:32,2,0,7
BRDA:40,3,0,14
BRDA:41,4,0,3
BRDA:44,5,0,2
BRF:6
BRH:6
end_of_record
